Added Pin To Net: NetName=NetC101_1 Pin=C101-1
Added Pin To Net: NetName=GND01 Pin=C101-2
Added Pin To Net: NetName=NetC102_1 Pin=C102-1
Added Pin To Net: NetName=NetC102_2 Pin=C102-2
Added Pin To Net: NetName=NetC103_1 Pin=C103-1
Added Pin To Net: NetName=GND01 Pin=C103-2
Added Pin To Net: NetName=NetC104_1 Pin=C104-1
Added Pin To Net: NetName=GND01 Pin=C104-2
Added Pin To Net: NetName=NetC105_1 Pin=C105-1
Added Pin To Net: NetName=GND01 Pin=C105-2
Added Pin To Net: NetName=NetC106_1 Pin=C106-1
Added Pin To Net: NetName=NetC106_2 Pin=C106-2
Added Pin To Net: NetName=NetC106_2 Pin=C107-1
Added Pin To Net: NetName=NetC107_2 Pin=C107-2
Added Pin To Net: NetName=NetC107_2 Pin=C108-1
Added Pin To Net: NetName=NetC108_2 Pin=C108-2
Added Pin To Net: NetName=NetC109_1 Pin=C109-1
Added Pin To Net: NetName=GND01 Pin=C109-2
Added Pin To Net: NetName=NetC110_1 Pin=C110-1
Added Pin To Net: NetName=GND01 Pin=C110-2
Added Pin To Net: NetName=NetC111_1 Pin=C111-1
Added Pin To Net: NetName=NetC111_2 Pin=C111-2
Added Pin To Net: NetName=NetC112_1 Pin=C112-1
Added Pin To Net: NetName=GND01 Pin=C112-2
Added Pin To Net: NetName=NetC113_1 Pin=C113-1
Added Pin To Net: NetName=NetC113_2 Pin=C113-2
Added Pin To Net: NetName=NetC113_2 Pin=C114-1
Added Pin To Net: NetName=NetC114_2 Pin=C114-2
Added Pin To Net: NetName=NetC115_1 Pin=C115-1
Added Pin To Net: NetName=GND01 Pin=C115-2
Added Pin To Net: NetName=NetC116_1 Pin=C116-1
Added Pin To Net: NetName=NetC116_2 Pin=C116-2
Added Pin To Net: NetName=NetC117_1 Pin=C117-1
Added Pin To Net: NetName=NetC117_2 Pin=C117-2
Added Pin To Net: NetName=NetC117_2 Pin=C118-1
Added Pin To Net: NetName=NetC118_2 Pin=C118-2
Added Pin To Net: NetName=NetC119_1 Pin=C119-1
Added Pin To Net: NetName=NetC119_2 Pin=C119-2
Added Pin To Net: NetName=NetC119_2 Pin=C120-1
Added Pin To Net: NetName=NetC120_2 Pin=C120-2
Added Pin To Net: NetName=NetC121_1 Pin=C121-1
Added Pin To Net: NetName=GND01 Pin=C121-2
Added Pin To Net: NetName=NetC122_1 Pin=C122-1
Added Pin To Net: NetName=NetC122_2 Pin=C122-2
Added Pin To Net: NetName=NetC122_2 Pin=C123-1
Added Pin To Net: NetName=GND01 Pin=C123-2
Added Pin To Net: NetName=OUT21 Pin=C201-1
Added Pin To Net: NetName=GND02 Pin=C201-2
Added Pin To Net: NetName=VDD31 Pin=C301-1
Added Pin To Net: NetName=GND03 Pin=C301-2
Added Pin To Net: NetName=VEE31 Pin=C302-1
Added Pin To Net: NetName=GND03 Pin=C302-2
Added Pin To Net: NetName=OUT51 Pin=C501-1
Added Pin To Net: NetName=GND05 Pin=C501-2
Added Pin To Net: NetName=NetC502_1 Pin=C502-1
Added Pin To Net: NetName=GND05 Pin=C502-2
Added Pin To Net: NetName=OUT51 Pin=C503-1
Added Pin To Net: NetName=GND05 Pin=C503-2
Added Pin To Net: NetName=IN501 Pin=C504-1
Added Pin To Net: NetName=GND05 Pin=C504-2
Added Pin To Net: NetName=NetC601_1 Pin=C601-1
Added Pin To Net: NetName=GND06 Pin=C601-2
Added Pin To Net: NetName=NetC601_1 Pin=C602-1
Added Pin To Net: NetName=GND06 Pin=C602-2
Added Pin To Net: NetName=NetC603_1 Pin=C603-1
Added Pin To Net: NetName=GND06 Pin=C603-2
Added Pin To Net: NetName=GND06 Pin=C604-2
Added Pin To Net: NetName=V-_71 Pin=C701-1
Added Pin To Net: NetName=NetC701_2 Pin=C701-2
Added Pin To Net: NetName=OP_out71 Pin=C702-1
Added Pin To Net: NetName=NetC702_2 Pin=C702-2
Added Pin To Net: NetName=VIN101 Pin=C901-1
Added Pin To Net: NetName=GND10 Pin=C901-2
Added Pin To Net: NetName=VOUT101 Pin=C902-1
Added Pin To Net: NetName=GND10 Pin=C902-2
Added Pin To Net: NetName=Vvib2_10 Pin=C903-1
Added Pin To Net: NetName=NetC903_2 Pin=C903-2
Added Pin To Net: NetName=NetC904_1 Pin=C904-1
Added Pin To Net: NetName=Vvib1_10 Pin=C904-2
Added Pin To Net: NetName=Vvib2_10 Pin=C905-1
Added Pin To Net: NetName=NetC905_2 Pin=C905-2
Added Pin To Net: NetName=NetC906_1 Pin=C906-1
Added Pin To Net: NetName=Vvib1_10 Pin=C906-2
Added Pin To Net: NetName=VCC111 Pin=C1101-1
Added Pin To Net: NetName=GND11 Pin=C1101-2
Added Pin To Net: NetName=NetC8001_1 Pin=C8001-1
Added Pin To Net: NetName=NetC8001_2 Pin=C8001-2
Added Pin To Net: NetName=GND08 Pin=C8002-1
Added Pin To Net: NetName=OUT801 Pin=C8002-2
Added Pin To Net: NetName=NetC8001_2 Pin=C8003-1
Added Pin To Net: NetName=NetC8003_2 Pin=C8003-2
Added Pin To Net: NetName=OUT801 Pin=C8004-1
Added Pin To Net: NetName=OUT802 Pin=C8004-2
Added Pin To Net: NetName=NetC8003_2 Pin=C8005-1
Added Pin To Net: NetName=NetC8005_2 Pin=C8005-2
Added Pin To Net: NetName=OUT802 Pin=C8006-1
Added Pin To Net: NetName=OUT803 Pin=C8006-2
Added Pin To Net: NetName=VIN101 Pin=CB901-1
Added Pin To Net: NetName=NetCB901_2 Pin=CB901-2
Added Pin To Net: NetName=NetCB901_2 Pin=CB902-1
Added Pin To Net: NetName=VOUT101 Pin=CB902-2
Added Pin To Net: NetName=NetD201_1 Pin=D201-1
Added Pin To Net: NetName=NetD201_2 Pin=D201-2
Added Pin To Net: NetName=UZ21 Pin=D202-1
Added Pin To Net: NetName=GND02 Pin=D202-2
Added Pin To Net: NetName=GND02 Pin=D202-2
Added Pin To Net: NetName=GND03 Pin=D301-1
Added Pin To Net: NetName=NetD301_2 Pin=D301-2
Added Pin To Net: NetName=NetD401_1 Pin=D401-1
Added Pin To Net: NetName=VCC41 Pin=D401-2
Added Pin To Net: NetName=NetD501_1 Pin=D501-1
Added Pin To Net: NetName=GND05 Pin=D501-2
Added Pin To Net: NetName=IN501 Pin=D502-1
Added Pin To Net: NetName=NetD502_2 Pin=D502-2
Added Pin To Net: NetName=NetD503_1 Pin=D503-1
Added Pin To Net: NetName=OUT51 Pin=D503-2
Added Pin To Net: NetName=NetD601_1 Pin=D601-1
Added Pin To Net: NetName=SWC61 Pin=D601-2
Added Pin To Net: NetName=NetC601_1 Pin=D602-1
Added Pin To Net: NetName=NetD602_2 Pin=D602-2
Added Pin To Net: NetName=NetD603_1 Pin=D603-1
Added Pin To Net: NetName=NetD601_1 Pin=D603-2
Added Pin To Net: NetName=VCC07 Pin=D701-1
Added Pin To Net: NetName=NetD701_2 Pin=D701-2
Added Pin To Net: NetName=Uz_91 Pin=D901-1
Added Pin To Net: NetName=GND090 Pin=D901-2
Added Pin To Net: NetName=GND090 Pin=D901-2
Added Pin To Net: NetName=NetD902_1 Pin=D902-1
Added Pin To Net: NetName=OUT91 Pin=D902-2
Added Pin To Net: NetName=VOUT101 Pin=D903-1
Added Pin To Net: NetName=NetD903_2 Pin=D903-2
Added Pin To Net: NetName=NetD903_2 Pin=D904-1
Added Pin To Net: NetName=NetD904_2 Pin=D904-2
Added Pin To Net: NetName=GND10 Pin=D905-1
Added Pin To Net: NetName=NetD905_2 Pin=D905-2
Added Pin To Net: NetName=NetD1101_1 Pin=D1101-1
Added Pin To Net: NetName=VHALF_111 Pin=D1101-2
Added Pin To Net: NetName=NetC8001_2 Pin=D8001-1
Added Pin To Net: NetName=GND08 Pin=D8001-2
Added Pin To Net: NetName=OUT801 Pin=D8002-1
Added Pin To Net: NetName=NetC8001_2 Pin=D8002-2
Added Pin To Net: NetName=NetC8003_2 Pin=D8003-1
Added Pin To Net: NetName=OUT801 Pin=D8003-2
Added Pin To Net: NetName=OUT802 Pin=D8004-1
Added Pin To Net: NetName=NetC8003_2 Pin=D8004-2
Added Pin To Net: NetName=NetC8005_2 Pin=D8005-1
Added Pin To Net: NetName=OUT802 Pin=D8005-2
Added Pin To Net: NetName=OUT803 Pin=D8006-1
Added Pin To Net: NetName=NetC8005_2 Pin=D8006-2
Added Pin To Net: NetName=NetJP401_1 Pin=JP401-1
Added Pin To Net: NetName=VCC41 Pin=JP401-2
Added Pin To Net: NetName=NetJP402_1 Pin=JP402-1
Added Pin To Net: NetName=NetJP402_2 Pin=JP402-2
Added Pin To Net: NetName=NetJP701_1 Pin=JP701-1
Added Pin To Net: NetName=V-_71 Pin=JP701-2
Added Pin To Net: NetName=OP_out71 Pin=JP702-1
Added Pin To Net: NetName=NetC701_2 Pin=JP702-2
Added Pin To Net: NetName=OP_out71 Pin=JP703-1
Added Pin To Net: NetName=NetJP703_2 Pin=JP703-2
Added Pin To Net: NetName=GND07 Pin=JP704-1
Added Pin To Net: NetName=NetJP704_2 Pin=JP704-2
Added Pin To Net: NetName=GND07 Pin=JP705-1
Added Pin To Net: NetName=NetC702_2 Pin=JP705-2
Added Pin To Net: NetName=VIN101 Pin=JP901-1
Added Pin To Net: NetName=NetJP901_2 Pin=JP901-2
Added Pin To Net: NetName=NetJP902_1 Pin=JP902-1
Added Pin To Net: NetName=VIN101 Pin=JP902-2
Added Pin To Net: NetName=NetC905_2 Pin=JP903-1
Added Pin To Net: NetName=NetC904_1 Pin=JP903-2
Added Pin To Net: NetName=NetC903_2 Pin=JP904-1
Added Pin To Net: NetName=NetC906_1 Pin=JP904-2
Added Pin To Net: NetName=NetD501_1 Pin=L501-1
Added Pin To Net: NetName=OUT51 Pin=L501-2
Added Pin To Net: NetName=DRC61 Pin=L601-1
Added Pin To Net: NetName=SWC61 Pin=L601-2
Added Pin To Net: NetName=NetJP901_2 Pin=L901-1
Added Pin To Net: NetName=NetD903_2 Pin=L901-2
Added Pin To Net: NetName=NetP101_1 Pin=P101-1
Added Pin To Net: NetName=GND01 Pin=P101-3
Added Pin To Net: NetName=NetP102_1 Pin=P102-1
Added Pin To Net: NetName=GND01 Pin=P102-3
Added Pin To Net: NetName=NetP101_1 Pin=P103-1
Added Pin To Net: NetName=NetP103_2 Pin=P103-2
Added Pin To Net: NetName=NetP101_1 Pin=P103-3
Added Pin To Net: NetName=NetC102_1 Pin=P103-4
Added Pin To Net: NetName=NetP101_1 Pin=P103-5
Added Pin To Net: NetName=NetP103_6 Pin=P103-6
Added Pin To Net: NetName=NetP101_1 Pin=P103-7
Added Pin To Net: NetName=NetC106_1 Pin=P103-8
Added Pin To Net: NetName=NetP101_1 Pin=P103-9
Added Pin To Net: NetName=NetC109_1 Pin=P103-10
Added Pin To Net: NetName=NetP101_1 Pin=P103-11
Added Pin To Net: NetName=NetC111_1 Pin=P103-12
Added Pin To Net: NetName=NetP101_1 Pin=P103-13
Added Pin To Net: NetName=NetP103_14 Pin=P103-14
Added Pin To Net: NetName=NetP101_1 Pin=P103-15
Added Pin To Net: NetName=NetC113_1 Pin=P103-16
Added Pin To Net: NetName=NetP101_1 Pin=P103-17
Added Pin To Net: NetName=NetC116_1 Pin=P103-18
Added Pin To Net: NetName=NetP101_1 Pin=P103-19
Added Pin To Net: NetName=NetC117_1 Pin=P103-20
Added Pin To Net: NetName=NetP101_1 Pin=P103-21
Added Pin To Net: NetName=NetC119_1 Pin=P103-22
Added Pin To Net: NetName=NetP101_1 Pin=P103-23
Added Pin To Net: NetName=NetP103_24 Pin=P103-24
Added Pin To Net: NetName=NetC101_1 Pin=P104-1
Added Pin To Net: NetName=NetP102_1 Pin=P104-2
Added Pin To Net: NetName=NetC102_2 Pin=P104-3
Added Pin To Net: NetName=NetP102_1 Pin=P104-4
Added Pin To Net: NetName=NetC105_1 Pin=P104-5
Added Pin To Net: NetName=NetP102_1 Pin=P104-6
Added Pin To Net: NetName=NetC108_2 Pin=P104-7
Added Pin To Net: NetName=NetP102_1 Pin=P104-8
Added Pin To Net: NetName=NetC110_1 Pin=P104-9
Added Pin To Net: NetName=NetP102_1 Pin=P104-10
Added Pin To Net: NetName=NetC111_2 Pin=P104-11
Added Pin To Net: NetName=NetP102_1 Pin=P104-12
Added Pin To Net: NetName=NetP104_13 Pin=P104-13
Added Pin To Net: NetName=NetP102_1 Pin=P104-14
Added Pin To Net: NetName=NetC114_2 Pin=P104-15
Added Pin To Net: NetName=NetP102_1 Pin=P104-16
Added Pin To Net: NetName=NetC116_2 Pin=P104-17
Added Pin To Net: NetName=NetP102_1 Pin=P104-18
Added Pin To Net: NetName=NetC118_2 Pin=P104-19
Added Pin To Net: NetName=NetP102_1 Pin=P104-20
Added Pin To Net: NetName=NetC120_2 Pin=P104-21
Added Pin To Net: NetName=NetP102_1 Pin=P104-22
Added Pin To Net: NetName=NetC122_2 Pin=P104-23
Added Pin To Net: NetName=NetP102_1 Pin=P104-24
Added Pin To Net: NetName=NetD201_2 Pin=P201-1
Added Pin To Net: NetName=GND02 Pin=P201-3
Added Pin To Net: NetName=OUT21 Pin=P202-1
Added Pin To Net: NetName=GND02 Pin=P202-3
Added Pin To Net: NetName=VDD31 Pin=P301-1
Added Pin To Net: NetName=GND03 Pin=P301-3
Added Pin To Net: NetName=VEE31 Pin=P302-1
Added Pin To Net: NetName=GND03 Pin=P302-3
Added Pin To Net: NetName=VCC41 Pin=P401-1
Added Pin To Net: NetName=GND02 Pin=P401-3
Added Pin To Net: NetName=NetJP402_1 Pin=P402-1
Added Pin To Net: NetName=GND02 Pin=P402-3
Added Pin To Net: NetName=D_OUT41 Pin=P403-1
Added Pin To Net: NetName=GND02 Pin=P403-3
Added Pin To Net: NetName=NetD502_2 Pin=P501-1
Added Pin To Net: NetName=GND02 Pin=P501-3
Added Pin To Net: NetName=OUT51 Pin=P502-1
Added Pin To Net: NetName=GND02 Pin=P502-3
Added Pin To Net: NetName=NetD601_1 Pin=P601-1
Added Pin To Net: NetName=GND02 Pin=P601-3
Added Pin To Net: NetName=NetD602_2 Pin=P602-1
Added Pin To Net: NetName=GND02 Pin=P602-3
Added Pin To Net: NetName=NetP701_1 Pin=P701-1
Added Pin To Net: NetName=GND07 Pin=P701-3
Added Pin To Net: NetName=NetD701_2 Pin=P702-1
Added Pin To Net: NetName=GND07 Pin=P702-3
Added Pin To Net: NetName=OP_out71 Pin=P703-1
Added Pin To Net: NetName=GND07 Pin=P703-3
Added Pin To Net: NetName=VDD91 Pin=P901-1
Added Pin To Net: NetName=GND090 Pin=P901-3
Added Pin To Net: NetName=OUT91 Pin=P902-1
Added Pin To Net: NetName=GND090 Pin=P902-3
Added Pin To Net: NetName=VOUT101 Pin=P903-1
Added Pin To Net: NetName=GND10 Pin=P903-3
Added Pin To Net: NetName=GND10 Pin=P904-1
Added Pin To Net: NetName=VIN101 Pin=P904-3
Added Pin To Net: NetName=IN111 Pin=P1101-1
Added Pin To Net: NetName=GND11 Pin=P1101-3
Added Pin To Net: NetName=VCC111 Pin=P1102-1
Added Pin To Net: NetName=GND11 Pin=P1102-3
Added Pin To Net: NetName=OUT111 Pin=P1103-1
Added Pin To Net: NetName=GND11 Pin=P1103-3
Added Pin To Net: NetName=NetC8001_1 Pin=P8001-1
Added Pin To Net: NetName=GND08 Pin=P8001-3
Added Pin To Net: NetName=GND03 Pin=PR301-1
Added Pin To Net: NetName=V_ADJ31 Pin=PR301-2
Added Pin To Net: NetName=GND03 Pin=PR301-3
Added Pin To Net: NetName=VCC07 Pin=PR701-1
Added Pin To Net: NetName=GND07 Pin=PR701-2
Added Pin To Net: NetName=NetPR701_3 Pin=PR701-3
Added Pin To Net: NetName=OUT21 Pin=Q201-1
Added Pin To Net: NetName=NetD201_1 Pin=Q201-2
Added Pin To Net: NetName=OUT21 Pin=Q201-3
Added Pin To Net: NetName=UZ21 Pin=Q201-4
Added Pin To Net: NetName=UG41 Pin=Q401-1
Added Pin To Net: NetName=GND04 Pin=Q401-2
Added Pin To Net: NetName=D_OUT41 Pin=Q401-3
Added Pin To Net: NetName=Ub1/Uc2_9 Pin=Q901-1
Added Pin To Net: NetName=VDD91 Pin=Q901-2
Added Pin To Net: NetName=OUT91 Pin=Q901-3
Added Pin To Net: NetName=NetQ902_1 Pin=Q902-1
Added Pin To Net: NetName=VDD91 Pin=Q902-2
Added Pin To Net: NetName=Ub1/Uc2_9 Pin=Q902-3
Added Pin To Net: NetName=GND10 Pin=Q903-1
Added Pin To Net: NetName=NetD903_2 Pin=Q903-2
Added Pin To Net: NetName=GND10 Pin=Q903-3
Added Pin To Net: NetName=NetQ903_4 Pin=Q903-4
Added Pin To Net: NetName=GND10 Pin=Q904-1
Added Pin To Net: NetName=Vvib2_10 Pin=Q904-2
Added Pin To Net: NetName=GND10 Pin=Q904-3
Added Pin To Net: NetName=NetC904_1 Pin=Q904-4
Added Pin To Net: NetName=GND10 Pin=Q905-1
Added Pin To Net: NetName=Vvib1_10 Pin=Q905-2
Added Pin To Net: NetName=GND10 Pin=Q905-3
Added Pin To Net: NetName=NetC903_2 Pin=Q905-4
Added Pin To Net: NetName=NetP103_2 Pin=R101-1
Added Pin To Net: NetName=NetC101_1 Pin=R101-2
Added Pin To Net: NetName=GND01 Pin=R102-1
Added Pin To Net: NetName=NetC102_2 Pin=R102-2
Added Pin To Net: NetName=NetP103_6 Pin=R103-1
Added Pin To Net: NetName=NetC103_1 Pin=R103-2
Added Pin To Net: NetName=NetC103_1 Pin=R104-1
Added Pin To Net: NetName=NetC104_1 Pin=R104-2
Added Pin To Net: NetName=NetC104_1 Pin=R105-1
Added Pin To Net: NetName=NetC105_1 Pin=R105-2
Added Pin To Net: NetName=GND01 Pin=R106-1
Added Pin To Net: NetName=NetC106_2 Pin=R106-2
Added Pin To Net: NetName=GND01 Pin=R107-1
Added Pin To Net: NetName=NetC107_2 Pin=R107-2
Added Pin To Net: NetName=GND01 Pin=R108-1
Added Pin To Net: NetName=NetC108_2 Pin=R108-2
Added Pin To Net: NetName=NetC109_1 Pin=R109-1
Added Pin To Net: NetName=NetC110_1 Pin=R109-2
Added Pin To Net: NetName=GND01 Pin=R110-1
Added Pin To Net: NetName=NetC111_1 Pin=R110-2
Added Pin To Net: NetName=GND01 Pin=R111-1
Added Pin To Net: NetName=NetC111_2 Pin=R111-2
Added Pin To Net: NetName=NetP103_14 Pin=R114-1
Added Pin To Net: NetName=NetC112_1 Pin=R114-2
Added Pin To Net: NetName=NetC112_1 Pin=R115-1
Added Pin To Net: NetName=NetP104_13 Pin=R115-2
Added Pin To Net: NetName=GND01 Pin=R117-1
Added Pin To Net: NetName=NetC113_2 Pin=R117-2
Added Pin To Net: NetName=NetC117_1 Pin=R118-1
Added Pin To Net: NetName=NetC118_2 Pin=R118-2
Added Pin To Net: NetName=NetC119_1 Pin=R119-1
Added Pin To Net: NetName=NetC121_1 Pin=R119-2
Added Pin To Net: NetName=NetC121_1 Pin=R120-1
Added Pin To Net: NetName=NetC120_2 Pin=R120-2
Added Pin To Net: NetName=NetC115_1 Pin=R121-1
Added Pin To Net: NetName=NetC116_2 Pin=R121-2
Added Pin To Net: NetName=GND01 Pin=R122-1
Added Pin To Net: NetName=NetC117_2 Pin=R122-2
Added Pin To Net: NetName=NetC116_1 Pin=R123-1
Added Pin To Net: NetName=NetC115_1 Pin=R123-2
Added Pin To Net: NetName=GND01 Pin=R124-1
Added Pin To Net: NetName=NetC119_2 Pin=R124-2
Added Pin To Net: NetName=NetP103_24 Pin=R125-1
Added Pin To Net: NetName=NetC122_1 Pin=R125-2
Added Pin To Net: NetName=GND01 Pin=R126-1
Added Pin To Net: NetName=NetC122_2 Pin=R126-2
Added Pin To Net: NetName=UZ21 Pin=R201-1
Added Pin To Net: NetName=NetD201_1 Pin=R201-2
Added Pin To Net: NetName=V_ADJ31 Pin=R301-1
Added Pin To Net: NetName=VEE31 Pin=R301-2
Added Pin To Net: NetName=NetD301_2 Pin=R302-1
Added Pin To Net: NetName=VEE31 Pin=R302-2
Added Pin To Net: NetName=UG41 Pin=R401-2
Added Pin To Net: NetName=UG41 Pin=R402-1
Added Pin To Net: NetName=NetJP402_2 Pin=R402-2
Added Pin To Net: NetName=UG41 Pin=R403-1
Added Pin To Net: NetName=GND04 Pin=R403-2
Added Pin To Net: NetName=D_OUT41 Pin=R404-1
Added Pin To Net: NetName=NetD401_1 Pin=R404-2
Added Pin To Net: NetName=D_OUT41 Pin=R405-1
Added Pin To Net: NetName=NetJP401_1 Pin=R405-2
Added Pin To Net: NetName=D_OUT41 Pin=R406-1
Added Pin To Net: NetName=NetJP401_1 Pin=R406-2
Added Pin To Net: NetName=IN501 Pin=R501-1
Added Pin To Net: NetName=SWC51 Pin=R501-2
Added Pin To Net: NetName=NetR502_1 Pin=R502-1
Added Pin To Net: NetName=OUT51 Pin=R502-2
Added Pin To Net: NetName=GND05 Pin=R503-1
Added Pin To Net: NetName=NetD503_1 Pin=R503-2
Added Pin To Net: NetName=GND05 Pin=R504-1
Added Pin To Net: NetName=NetR502_1 Pin=R504-2
Added Pin To Net: NetName=DRC61 Pin=R601-1
Added Pin To Net: NetName=NetR601_2 Pin=R601-2
Added Pin To Net: NetName=NetR602_1 Pin=R602-1
Added Pin To Net: NetName=DRC61 Pin=R602-2
Added Pin To Net: NetName=NetR602_1 Pin=R603-1
Added Pin To Net: NetName=DRC61 Pin=R603-2
Added Pin To Net: NetName=NetPR601_2 Pin=R604-1
Added Pin To Net: NetName=NetD601_1 Pin=R604-2
Added Pin To Net: NetName=NetD603_1 Pin=R605-2
Added Pin To Net: NetName=GND06 Pin=R606-1
Added Pin To Net: NetName=NetPR601_1 Pin=R606-2
Added Pin To Net: NetName=NetPR701_3 Pin=R701-1
Added Pin To Net: NetName=V-_71 Pin=R701-2
Added Pin To Net: NetName=V-_71 Pin=R702-1
Added Pin To Net: NetName=NetJP703_2 Pin=R702-2
Added Pin To Net: NetName=V-_71 Pin=R703-1
Added Pin To Net: NetName=OP_out71 Pin=R703-2
Added Pin To Net: NetName=NetJP704_2 Pin=R704-1
Added Pin To Net: NetName=OP_out71 Pin=R704-2
Added Pin To Net: NetName=GND07 Pin=R705-1
Added Pin To Net: NetName=NetJP701_1 Pin=R705-2
Added Pin To Net: NetName=GND07 Pin=R706-1
Added Pin To Net: NetName=V-_71 Pin=R706-2
Added Pin To Net: NetName=COMP_int71 Pin=R707-1
Added Pin To Net: NetName=NetR707_2 Pin=R707-2
Added Pin To Net: NetName=GND07 Pin=R708-1
Added Pin To Net: NetName=COMP_int71 Pin=R708-2
Added Pin To Net: NetName=COMP_int71 Pin=R709-1
Added Pin To Net: NetName=NetP701_1 Pin=R709-2
Added Pin To Net: NetName=GND090 Pin=R901-1
Added Pin To Net: NetName=Ub1/Uc2_9 Pin=R901-2
Added Pin To Net: NetName=GND090 Pin=R902-1
Added Pin To Net: NetName=NetD902_1 Pin=R902-2
Added Pin To Net: NetName=NetQ902_1 Pin=R903-1
Added Pin To Net: NetName=Uz_91 Pin=R903-2
Added Pin To Net: NetName=Uz_91 Pin=R904-1
Added Pin To Net: NetName=VDD91 Pin=R904-2
Added Pin To Net: NetName=NetJP902_1 Pin=R905-1
Added Pin To Net: NetName=NetD904_2 Pin=R905-2
Added Pin To Net: NetName=Vvib2_10 Pin=R906-1
Added Pin To Net: NetName=VIN101 Pin=R906-2
Added Pin To Net: NetName=NetC903_2 Pin=R907-1
Added Pin To Net: NetName=VIN101 Pin=R907-2
Added Pin To Net: NetName=NetC904_1 Pin=R908-1
Added Pin To Net: NetName=VIN101 Pin=R908-2
Added Pin To Net: NetName=Vvib1_10 Pin=R909-1
Added Pin To Net: NetName=VIN101 Pin=R909-2
Added Pin To Net: NetName=GND10 Pin=R910-1
Added Pin To Net: NetName=VOUT101 Pin=R910-2
Added Pin To Net: NetName=NetD905_2 Pin=R911-1
Added Pin To Net: NetName=NetCB901_2 Pin=R911-2
Added Pin To Net: NetName=Vvib1_10 Pin=R912-1
Added Pin To Net: NetName=NetQ903_4 Pin=R912-2
Added Pin To Net: NetName=NetR1101_1 Pin=R1101-1
Added Pin To Net: NetName=IN111 Pin=R1101-2
Added Pin To Net: NetName=NetR1101_1 Pin=R1102-1
Added Pin To Net: NetName=NetD1101_1 Pin=R1102-2
Added Pin To Net: NetName=GND11 Pin=R1103-1
Added Pin To Net: NetName=NetD1101_1 Pin=R1103-2
Added Pin To Net: NetName=NetD201_1 Pin=TP201-1
Added Pin To Net: NetName=UZ21 Pin=TP202-1
Added Pin To Net: NetName=UG41 Pin=TP401-1
Added Pin To Net: NetName=SWC51 Pin=TP501-1
Added Pin To Net: NetName=NetD501_1 Pin=TP502-1
Added Pin To Net: NetName=IN501 Pin=TP503-1
Added Pin To Net: NetName=NetR502_1 Pin=TP504-1
Added Pin To Net: NetName=SWC61 Pin=TP601-1
Added Pin To Net: NetName=DRC61 Pin=TP602-1
Added Pin To Net: NetName=NetC601_1 Pin=TP603-1
Added Pin To Net: NetName=NetPR601_1 Pin=TP604-1
Added Pin To Net: NetName=V-_71 Pin=TP701-1
Added Pin To Net: NetName=COMP_int71 Pin=TP702-1
Added Pin To Net: NetName=Uz_91 Pin=TP901-1
Added Pin To Net: NetName=VDD91 Pin=TP902-1
Added Pin To Net: NetName=Vvib1_10 Pin=TP903-1
Added Pin To Net: NetName=Vvib2_10 Pin=TP904-1
Added Pin To Net: NetName=VHALF_111 Pin=TP1101-1
Added Pin To Net: NetName=GND08 Pin=TP8001-1
Added Pin To Net: NetName=OUT801 Pin=TP8002-1
Added Pin To Net: NetName=OUT802 Pin=TP8003-1
Added Pin To Net: NetName=OUT803 Pin=TP8004-1
Added Pin To Net: NetName=NetD1101_1 Pin=U2-1
Added Pin To Net: NetName=GND11 Pin=U2-2
Added Pin To Net: NetName=OUT111 Pin=U2-3
Added Pin To Net: NetName=OUT111 Pin=U2-4
Added Pin To Net: NetName=VCC111 Pin=U2-5
Added Pin To Net: NetName=V_ADJ31 Pin=U301-1
Added Pin To Net: NetName=VDD31 Pin=U301-2
Added Pin To Net: NetName=VEE31 Pin=U301-3
Added Pin To Net: NetName=SWC51 Pin=U501-1
Added Pin To Net: NetName=NetD501_1 Pin=U501-2
Added Pin To Net: NetName=NetC502_1 Pin=U501-3
Added Pin To Net: NetName=GND05 Pin=U501-4
Added Pin To Net: NetName=NetR502_1 Pin=U501-5
Added Pin To Net: NetName=IN501 Pin=U501-6
Added Pin To Net: NetName=SWC51 Pin=U501-7
Added Pin To Net: NetName=SWC51 Pin=U501-8
Added Pin To Net: NetName=SWC61 Pin=U601-1
Added Pin To Net: NetName=NetC603_1 Pin=U601-2
Added Pin To Net: NetName=NetC603_1 Pin=U601-3
Added Pin To Net: NetName=GND06 Pin=U601-4
Added Pin To Net: NetName=NetPR601_1 Pin=U601-5
Added Pin To Net: NetName=NetR602_1 Pin=U601-6
Added Pin To Net: NetName=DRC61 Pin=U601-7
Added Pin To Net: NetName=NetR601_2 Pin=U601-8
Added Pin To Net: NetName=OP_out71 Pin=U701-1
Added Pin To Net: NetName=GND07 Pin=U701-2
Added Pin To Net: NetName=NetR707_2 Pin=U701-3
Added Pin To Net: NetName=V-_71 Pin=U701-4
Added Pin To Net: NetName=VCC07 Pin=U701-5
Added Pin To Net: NetName=GND11 Pin=U1101-1
Added Pin To Net: NetName=GND11 Pin=U1101-2
Added Pin To Net: NetName=NetR1101_1 Pin=U1101-3
Added Pin To Net: NetName=VHALF_111 Pin=U1101-4
Added Pin To Net: NetName=VCC111 Pin=U1101-5
Added Member To Class: ClassName=PART1_filters Member=Component C101 Ceramic C0G
Added Member To Class: ClassName=PART1_filters Member=Component C102 Ceramic C0G
Added Member To Class: ClassName=PART1_filters Member=Component C103 Ceramic C0G
Added Member To Class: ClassName=PART1_filters Member=Component C104 Ceramic C0G
Added Member To Class: ClassName=PART1_filters Member=Component C105 Ceramic C0G
Added Member To Class: ClassName=PART1_filters Member=Component C106 Ceramic C0G
Added Member To Class: ClassName=PART1_filters Member=Component C107 Ceramic C0G
Added Member To Class: ClassName=PART1_filters Member=Component C108 Ceramic C0G
Added Member To Class: ClassName=PART1_filters Member=Component C109 Ceramic C0G
Added Member To Class: ClassName=PART1_filters Member=Component C110 Ceramic C0G
Added Member To Class: ClassName=PART1_filters Member=Component C111 Ceramic C0G
Added Member To Class: ClassName=PART1_filters Member=Component C112 Ceramic C0G
Added Member To Class: ClassName=PART1_filters Member=Component C113 Ceramic C0G
Added Member To Class: ClassName=PART1_filters Member=Component C114 Ceramic C0G
Added Member To Class: ClassName=PART1_filters Member=Component C115 Ceramic C0G
Added Member To Class: ClassName=PART1_filters Member=Component C116 Ceramic C0G
Added Member To Class: ClassName=PART1_filters Member=Component C117 Ceramic C0G
Added Member To Class: ClassName=PART1_filters Member=Component C118 Ceramic C0G
Added Member To Class: ClassName=PART1_filters Member=Component C119 Ceramic C0G
Added Member To Class: ClassName=PART1_filters Member=Component C120 Ceramic C0G
Added Member To Class: ClassName=PART1_filters Member=Component C121 Ceramic C0G
Added Member To Class: ClassName=PART1_filters Member=Component C122 Ceramic C0G
Added Member To Class: ClassName=PART1_filters Member=Component C123 Ceramic C0G
Added Member To Class: ClassName=PART2_zener_stab Member=Component C201 Ceramic X7R
Added Member To Class: ClassName=PART3_Volt_Reg Member=Component C301 Ceramic X7R
Added Member To Class: ClassName=PART3_Volt_Reg Member=Component C302 Ceramic X7R
Added Member To Class: ClassName=PART5_Step_Down_PSU Member=Component C501 Ceramic X7R
Added Member To Class: ClassName=PART5_Step_Down_PSU Member=Component C502 Ceramic C0G
Added Member To Class: ClassName=PART5_Step_Down_PSU Member=Component C503 Electrolytic Capacitor
Added Member To Class: ClassName=PART5_Step_Down_PSU Member=Component C504 Electrolytic Capacitor
Added Member To Class: ClassName=PART6_Step_Up_PSU Member=Component C601 Electrolytic Capacitor
Added Member To Class: ClassName=PART6_Step_Up_PSU Member=Component C602 Ceramic X7R
Added Member To Class: ClassName=PART6_Step_Up_PSU Member=Component C603 Ceramic C0G
Added Member To Class: ClassName=PART6_Step_Up_PSU Member=Component C604 Electrolytic Capacitor
Added Member To Class: ClassName=PART7_op_amp Member=Component C701 Ceramic X7R
Added Member To Class: ClassName=PART7_op_amp Member=Component C702 Ceramic X7R
Added Member To Class: ClassName=PART10_Ast_Multivib_w_DC_DC_COnv Member=Component C901 Electrolytic Capacitor
Added Member To Class: ClassName=PART10_Ast_Multivib_w_DC_DC_COnv Member=Component C902 Electrolytic Capacitor
Added Member To Class: ClassName=PART10_Ast_Multivib_w_DC_DC_COnv Member=Component C903 Ceramic C0G
Added Member To Class: ClassName=PART10_Ast_Multivib_w_DC_DC_COnv Member=Component C904 Ceramic C0G
Added Member To Class: ClassName=PART10_Ast_Multivib_w_DC_DC_COnv Member=Component C905 Ceramic X7R
Added Member To Class: ClassName=PART10_Ast_Multivib_w_DC_DC_COnv Member=Component C906 Ceramic X7R
Added Member To Class: ClassName=PART11_Rectifier Member=Component C1101 Ceramic C0G
Added Member To Class: ClassName=PART8_Volt_Multipl Member=Component C8001 Ceramic X7R
Added Member To Class: ClassName=PART8_Volt_Multipl Member=Component C8002 Ceramic X7R
Added Member To Class: ClassName=PART8_Volt_Multipl Member=Component C8003 Ceramic X7R
Added Member To Class: ClassName=PART8_Volt_Multipl Member=Component C8004 Ceramic X7R
Added Member To Class: ClassName=PART8_Volt_Multipl Member=Component C8005 Ceramic X7R
Added Member To Class: ClassName=PART8_Volt_Multipl Member=Component C8006 Ceramic X7R
Added Member To Class: ClassName=PART10_Ast_Multivib_w_DC_DC_COnv Member=Component CB901 Goldpin
Added Member To Class: ClassName=PART10_Ast_Multivib_w_DC_DC_COnv Member=Component CB902 Goldpin
Added Member To Class: ClassName=PART2_zener_stab Member=Component D201
Added Member To Class: ClassName=PART2_zener_stab Member=Component D202
Added Member To Class: ClassName=PART3_Volt_Reg Member=Component D301 Green led
Added Member To Class: ClassName=PART4_CMOS_Driver Member=Component D401 Green led
Added Member To Class: ClassName=PART5_Step_Down_PSU Member=Component D501 1N5819HW
Added Member To Class: ClassName=PART5_Step_Down_PSU Member=Component D502
Added Member To Class: ClassName=PART5_Step_Down_PSU Member=Component D503 Green led
Added Member To Class: ClassName=PART6_Step_Up_PSU Member=Component D601 1N5819HW
Added Member To Class: ClassName=PART6_Step_Up_PSU Member=Component D602
Added Member To Class: ClassName=PART6_Step_Up_PSU Member=Component D603 Green led
Added Member To Class: ClassName=PART7_op_amp Member=Component D701
Added Member To Class: ClassName=PART9_0_Volt_Protec_Simple Member=Component D901
Added Member To Class: ClassName=PART9_0_Volt_Protec_Simple Member=Component D902
Added Member To Class: ClassName=PART10_Ast_Multivib_w_DC_DC_COnv Member=Component D903 MBRS140T3G
Added Member To Class: ClassName=PART10_Ast_Multivib_w_DC_DC_COnv Member=Component D904
Added Member To Class: ClassName=PART10_Ast_Multivib_w_DC_DC_COnv Member=Component D905
Added Member To Class: ClassName=PART11_Rectifier Member=Component D1101 BAS416
Added Member To Class: ClassName=PART8_Volt_Multipl Member=Component D8001
Added Member To Class: ClassName=PART8_Volt_Multipl Member=Component D8002
Added Member To Class: ClassName=PART8_Volt_Multipl Member=Component D8003
Added Member To Class: ClassName=PART8_Volt_Multipl Member=Component D8004
Added Member To Class: ClassName=PART8_Volt_Multipl Member=Component D8005
Added Member To Class: ClassName=PART8_Volt_Multipl Member=Component D8006
Added Member To Class: ClassName=PART4_CMOS_Driver Member=Component JP401 Goldpin
Added Member To Class: ClassName=PART4_CMOS_Driver Member=Component JP402 Goldpin
Added Member To Class: ClassName=PART7_op_amp Member=Component JP701 Goldpin
Added Member To Class: ClassName=PART7_op_amp Member=Component JP702 Goldpin
Added Member To Class: ClassName=PART7_op_amp Member=Component JP703 Goldpin
Added Member To Class: ClassName=PART7_op_amp Member=Component JP704 Goldpin
Added Member To Class: ClassName=PART7_op_amp Member=Component JP705 Goldpin
Added Member To Class: ClassName=PART10_Ast_Multivib_w_DC_DC_COnv Member=Component JP901 Goldpin
Added Member To Class: ClassName=PART10_Ast_Multivib_w_DC_DC_COnv Member=Component JP902 Goldpin
Added Member To Class: ClassName=PART10_Ast_Multivib_w_DC_DC_COnv Member=Component JP903 Goldpin
Added Member To Class: ClassName=PART10_Ast_Multivib_w_DC_DC_COnv Member=Component JP904 Goldpin
Added Member To Class: ClassName=PART5_Step_Down_PSU Member=Component L501 Inductor
Added Member To Class: ClassName=PART6_Step_Up_PSU Member=Component L601 Inductor
Added Member To Class: ClassName=PART10_Ast_Multivib_w_DC_DC_COnv Member=Component L901 Inductor
Added Member To Class: ClassName=PART1_filters Member=Component P101 Goldpin
Added Member To Class: ClassName=PART1_filters Member=Component P102 Goldpin
Added Member To Class: ClassName=PART1_filters Member=Component P103 IN
Added Member To Class: ClassName=PART1_filters Member=Component P104 OUT
Added Member To Class: ClassName=PART2_zener_stab Member=Component P201 Goldpin
Added Member To Class: ClassName=PART2_zener_stab Member=Component P202 Goldpin
Added Member To Class: ClassName=PART3_Volt_Reg Member=Component P301 Goldpin
Added Member To Class: ClassName=PART3_Volt_Reg Member=Component P302 Goldpin
Added Member To Class: ClassName=PART4_CMOS_Driver Member=Component P401 Goldpin
Added Member To Class: ClassName=PART4_CMOS_Driver Member=Component P402 Goldpin
Added Member To Class: ClassName=PART4_CMOS_Driver Member=Component P403 Goldpin
Added Member To Class: ClassName=PART5_Step_Down_PSU Member=Component P501 Goldpin
Added Member To Class: ClassName=PART5_Step_Down_PSU Member=Component P502 Goldpin
Added Member To Class: ClassName=PART6_Step_Up_PSU Member=Component P601 Goldpin
Added Member To Class: ClassName=PART6_Step_Up_PSU Member=Component P602 Goldpin
Added Member To Class: ClassName=PART7_op_amp Member=Component P701 Input signal
Added Member To Class: ClassName=PART7_op_amp Member=Component P702 Power input
Added Member To Class: ClassName=PART7_op_amp Member=Component P703 Output signal
Added Member To Class: ClassName=PART9_0_Volt_Protec_Simple Member=Component P901 Input signal
Added Member To Class: ClassName=PART9_0_Volt_Protec_Simple Member=Component P902 Output signal
Added Member To Class: ClassName=PART10_Ast_Multivib_w_DC_DC_COnv Member=Component P903 Goldpin
Added Member To Class: ClassName=PART10_Ast_Multivib_w_DC_DC_COnv Member=Component P904 Goldpin
Added Member To Class: ClassName=PART11_Rectifier Member=Component P1101 Input signal
Added Member To Class: ClassName=PART11_Rectifier Member=Component P1102 Power 5V
Added Member To Class: ClassName=PART11_Rectifier Member=Component P1103 Output signal
Added Member To Class: ClassName=PART8_Volt_Multipl Member=Component P8001 Input AC signal
Added Member To Class: ClassName=PART3_Volt_Reg Member=Component PR301 Resistor
Added Member To Class: ClassName=PART7_op_amp Member=Component PR701 Resistor
Added Member To Class: ClassName=PART2_zener_stab Member=Component Q201 BCX56
Added Member To Class: ClassName=PART4_CMOS_Driver Member=Component Q401 2N7002K-7
Added Member To Class: ClassName=PART9_0_Volt_Protec_Simple Member=Component Q901 FMMT718
Added Member To Class: ClassName=PART9_0_Volt_Protec_Simple Member=Component Q902 FMMT718
Added Member To Class: ClassName=PART10_Ast_Multivib_w_DC_DC_COnv Member=Component Q903 BCX56
Added Member To Class: ClassName=PART10_Ast_Multivib_w_DC_DC_COnv Member=Component Q904 BCX56
Added Member To Class: ClassName=PART10_Ast_Multivib_w_DC_DC_COnv Member=Component Q905 BCX56
Added Member To Class: ClassName=PART1_filters Member=Component R101 Resistor
Added Member To Class: ClassName=PART1_filters Member=Component R102 Resistor
Added Member To Class: ClassName=PART1_filters Member=Component R103 Resistor
Added Member To Class: ClassName=PART1_filters Member=Component R104 Resistor
Added Member To Class: ClassName=PART1_filters Member=Component R105 Resistor
Added Member To Class: ClassName=PART1_filters Member=Component R106 Resistor
Added Member To Class: ClassName=PART1_filters Member=Component R107 Resistor
Added Member To Class: ClassName=PART1_filters Member=Component R108 Resistor
Added Member To Class: ClassName=PART1_filters Member=Component R109 Resistor
Added Member To Class: ClassName=PART1_filters Member=Component R110 Resistor
Added Member To Class: ClassName=PART1_filters Member=Component R111 Resistor
Added Member To Class: ClassName=PART1_filters Member=Component R114 Resistor
Added Member To Class: ClassName=PART1_filters Member=Component R115 Resistor
Added Member To Class: ClassName=PART1_filters Member=Component R117 Resistor
Added Member To Class: ClassName=PART1_filters Member=Component R118 Resistor
Added Member To Class: ClassName=PART1_filters Member=Component R119 Resistor
Added Member To Class: ClassName=PART1_filters Member=Component R120 Resistor
Added Member To Class: ClassName=PART1_filters Member=Component R121 Resistor
Added Member To Class: ClassName=PART1_filters Member=Component R122 Resistor
Added Member To Class: ClassName=PART1_filters Member=Component R123 Resistor
Added Member To Class: ClassName=PART1_filters Member=Component R124 Resistor
Added Member To Class: ClassName=PART1_filters Member=Component R125 Resistor
Added Member To Class: ClassName=PART1_filters Member=Component R126 Resistor
Added Member To Class: ClassName=PART2_zener_stab Member=Component R201 Resistor
Added Member To Class: ClassName=PART3_Volt_Reg Member=Component R301 Resistor
Added Member To Class: ClassName=PART3_Volt_Reg Member=Component R302 Resistor
Added Member To Class: ClassName=PART4_CMOS_Driver Member=Component R401 Resistor
Added Member To Class: ClassName=PART4_CMOS_Driver Member=Component R402 Resistor
Added Member To Class: ClassName=PART4_CMOS_Driver Member=Component R403 Resistor
Added Member To Class: ClassName=PART4_CMOS_Driver Member=Component R404 Resistor
Added Member To Class: ClassName=PART4_CMOS_Driver Member=Component R405 Resistor
Added Member To Class: ClassName=PART4_CMOS_Driver Member=Component R406 Resistor
Added Member To Class: ClassName=PART5_Step_Down_PSU Member=Component R501 Resistor
Added Member To Class: ClassName=PART5_Step_Down_PSU Member=Component R502 Resistor
Added Member To Class: ClassName=PART5_Step_Down_PSU Member=Component R503 Resistor
Added Member To Class: ClassName=PART5_Step_Down_PSU Member=Component R504 Resistor
Added Member To Class: ClassName=PART6_Step_Up_PSU Member=Component R601 Resistor
Added Member To Class: ClassName=PART6_Step_Up_PSU Member=Component R602 Resistor
Added Member To Class: ClassName=PART6_Step_Up_PSU Member=Component R603 Resistor
Added Member To Class: ClassName=PART6_Step_Up_PSU Member=Component R604 Resistor
Added Member To Class: ClassName=PART6_Step_Up_PSU Member=Component R605 Resistor
Added Member To Class: ClassName=PART6_Step_Up_PSU Member=Component R606 Resistor
Added Member To Class: ClassName=PART7_op_amp Member=Component R701 Resistor
Added Member To Class: ClassName=PART7_op_amp Member=Component R702 Resistor
Added Member To Class: ClassName=PART7_op_amp Member=Component R703 Resistor
Added Member To Class: ClassName=PART7_op_amp Member=Component R704 Resistor
Added Member To Class: ClassName=PART7_op_amp Member=Component R705 Resistor
Added Member To Class: ClassName=PART7_op_amp Member=Component R706 Resistor
Added Member To Class: ClassName=PART7_op_amp Member=Component R707 Resistor
Added Member To Class: ClassName=PART7_op_amp Member=Component R708 Resistor
Added Member To Class: ClassName=PART7_op_amp Member=Component R709 Resistor
Added Member To Class: ClassName=PART9_0_Volt_Protec_Simple Member=Component R901 Resistor
Added Member To Class: ClassName=PART9_0_Volt_Protec_Simple Member=Component R902 Resistor
Added Member To Class: ClassName=PART9_0_Volt_Protec_Simple Member=Component R903 Resistor
Added Member To Class: ClassName=PART9_0_Volt_Protec_Simple Member=Component R904 Resistor
Added Member To Class: ClassName=PART10_Ast_Multivib_w_DC_DC_COnv Member=Component R905 Resistor
Added Member To Class: ClassName=PART10_Ast_Multivib_w_DC_DC_COnv Member=Component R906 Resistor
Added Member To Class: ClassName=PART10_Ast_Multivib_w_DC_DC_COnv Member=Component R907 Resistor
Added Member To Class: ClassName=PART10_Ast_Multivib_w_DC_DC_COnv Member=Component R908 Resistor
Added Member To Class: ClassName=PART10_Ast_Multivib_w_DC_DC_COnv Member=Component R909 Resistor
Added Member To Class: ClassName=PART10_Ast_Multivib_w_DC_DC_COnv Member=Component R910 Resistor
Added Member To Class: ClassName=PART10_Ast_Multivib_w_DC_DC_COnv Member=Component R911 Resistor
Added Member To Class: ClassName=PART10_Ast_Multivib_w_DC_DC_COnv Member=Component R912 Resistor
Added Member To Class: ClassName=PART11_Rectifier Member=Component R1101 Resistor
Added Member To Class: ClassName=PART11_Rectifier Member=Component R1102 Resistor
Added Member To Class: ClassName=PART11_Rectifier Member=Component R1103 Resistor
Added Member To Class: ClassName=PART2_zener_stab Member=Component TP201 Single pin
Added Member To Class: ClassName=PART2_zener_stab Member=Component TP202 Single pin
Added Member To Class: ClassName=PART4_CMOS_Driver Member=Component TP401 Single pin
Added Member To Class: ClassName=PART5_Step_Down_PSU Member=Component TP501 Single pin
Added Member To Class: ClassName=PART5_Step_Down_PSU Member=Component TP502 Single pin
Added Member To Class: ClassName=PART5_Step_Down_PSU Member=Component TP503 Single pin
Added Member To Class: ClassName=PART5_Step_Down_PSU Member=Component TP504 Single pin
Added Member To Class: ClassName=PART6_Step_Up_PSU Member=Component TP601 Single pin
Added Member To Class: ClassName=PART6_Step_Up_PSU Member=Component TP602 Single pin
Added Member To Class: ClassName=PART6_Step_Up_PSU Member=Component TP603 Single pin
Added Member To Class: ClassName=PART6_Step_Up_PSU Member=Component TP604 Single pin
Added Member To Class: ClassName=PART7_op_amp Member=Component TP701 Single pin
Added Member To Class: ClassName=PART7_op_amp Member=Component TP702 Single pin
Added Member To Class: ClassName=PART9_0_Volt_Protec_Simple Member=Component TP901 Single pin
Added Member To Class: ClassName=PART9_0_Volt_Protec_Simple Member=Component TP902 Single pin
Added Member To Class: ClassName=PART10_Ast_Multivib_w_DC_DC_COnv Member=Component TP903 Single pin
Added Member To Class: ClassName=PART10_Ast_Multivib_w_DC_DC_COnv Member=Component TP904 Single pin
Added Member To Class: ClassName=PART11_Rectifier Member=Component TP1101 Single pin
Added Member To Class: ClassName=PART8_Volt_Multipl Member=Component TP8001 Single pin
Added Member To Class: ClassName=PART8_Volt_Multipl Member=Component TP8002 Single pin
Added Member To Class: ClassName=PART8_Volt_Multipl Member=Component TP8003 Single pin
Added Member To Class: ClassName=PART8_Volt_Multipl Member=Component TP8004 Single pin
Added Member To Class: ClassName=PART11_Rectifier Member=Component U2 LM321
Added Member To Class: ClassName=PART3_Volt_Reg Member=Component U301
Added Member To Class: ClassName=PART5_Step_Down_PSU Member=Component U501 1.5-A Peak Boost/Buck/Inverting Switching Regulators
Added Member To Class: ClassName=PART6_Step_Up_PSU Member=Component U601 1.5-A Peak Boost/Buck/Inverting Switching Regulators
Added Member To Class: ClassName=PART7_op_amp Member=Component U701 MCP6001UT-IOT
Added Member To Class: ClassName=PART11_Rectifier Member=Component U1101 LM321
