Removed Pin From Net: NetName=GND Pin=C1-2
Removed Pin From Net: NetName=GND Pin=C2-2
Removed Pin From Net: NetName=GND Pin=C201-2
Removed Pin From Net: NetName=GND Pin=C301-2
Removed Pin From Net: NetName=GND Pin=C302-2
Removed Pin From Net: NetName=GND Pin=C501-2
Removed Pin From Net: NetName=GND Pin=C502-2
Removed Pin From Net: NetName=GND Pin=C601-2
Removed Pin From Net: NetName=GND Pin=C602-2
Removed Pin From Net: NetName=GND Pin=C603-2
Removed Pin From Net: NetName=GND Pin=C604-2
Removed Pin From Net: NetName=GND Pin=C703-2
Removed Pin From Net: NetName=GND Pin=C901-2
Removed Pin From Net: NetName=GND Pin=C902-2
Removed Pin From Net: NetName=GND Pin=C1101-2
Removed Pin From Net: NetName=GND Pin=C1102-2
Removed Pin From Net: NetName=GND Pin=C8002-1
Removed Pin From Net: NetName=GND Pin=D202-2
Removed Pin From Net: NetName=GND Pin=D202-2
Removed Pin From Net: NetName=GND Pin=D301-1
Removed Pin From Net: NetName=GND Pin=D501-2
Removed Pin From Net: NetName=GND Pin=D901-2
Removed Pin From Net: NetName=GND Pin=D901-2
Removed Pin From Net: NetName=GND Pin=D905-1
Removed Pin From Net: NetName=GND Pin=D8001-2
Removed Pin From Net: NetName=GND Pin=JP704-1
Removed Pin From Net: NetName=GND Pin=JP705-1
Removed Pin From Net: NetName=GND Pin=P201-3
Removed Pin From Net: NetName=GND Pin=P202-3
Removed Pin From Net: NetName=GND Pin=P301-3
Removed Pin From Net: NetName=GND Pin=P302-3
Removed Pin From Net: NetName=GND Pin=P401-3
Removed Pin From Net: NetName=GND Pin=P402-3
Removed Pin From Net: NetName=GND Pin=P403-3
Removed Pin From Net: NetName=GND Pin=P501-3
Removed Pin From Net: NetName=GND Pin=P502-3
Removed Pin From Net: NetName=GND Pin=P601-3
Removed Pin From Net: NetName=GND Pin=P602-3
Removed Pin From Net: NetName=GND Pin=P701-3
Removed Pin From Net: NetName=GND Pin=P702-3
Removed Pin From Net: NetName=GND Pin=P703-3
Removed Pin From Net: NetName=GND Pin=P901-3
Removed Pin From Net: NetName=GND Pin=P902-3
Removed Pin From Net: NetName=GND Pin=P903-3
Removed Pin From Net: NetName=GND Pin=P904-3
Removed Pin From Net: NetName=GND Pin=P1101-3
Removed Pin From Net: NetName=GND Pin=P1102-3
Removed Pin From Net: NetName=GND Pin=P1103-3
Removed Pin From Net: NetName=GND Pin=P8001-3
Removed Pin From Net: NetName=GND Pin=PR1-1
Removed Pin From Net: NetName=GND Pin=PR1-3
Removed Pin From Net: NetName=GND Pin=PR701-2
Removed Pin From Net: NetName=GND Pin=Q401-2
Removed Pin From Net: NetName=GND Pin=Q903-1
Removed Pin From Net: NetName=GND Pin=Q903-3
Removed Pin From Net: NetName=GND Pin=Q904-1
Removed Pin From Net: NetName=GND Pin=Q904-3
Removed Pin From Net: NetName=GND Pin=Q905-1
Removed Pin From Net: NetName=GND Pin=Q905-3
Removed Pin From Net: NetName=GND Pin=R403-2
Removed Pin From Net: NetName=GND Pin=R503-1
Removed Pin From Net: NetName=GND Pin=R504-1
Removed Pin From Net: NetName=GND Pin=R606-1
Removed Pin From Net: NetName=GND Pin=R705-1
Removed Pin From Net: NetName=GND Pin=R706-1
Removed Pin From Net: NetName=GND Pin=R708-1
Removed Pin From Net: NetName=GND Pin=R901-1
Removed Pin From Net: NetName=GND Pin=R902-1
Removed Pin From Net: NetName=GND Pin=R910-1
Removed Pin From Net: NetName=GND Pin=R1103-1
Removed Pin From Net: NetName=GND Pin=TP8001-1
Removed Pin From Net: NetName=GND Pin=U2-2
Removed Pin From Net: NetName=GND Pin=U501-4
Removed Pin From Net: NetName=GND Pin=U601-4
Removed Pin From Net: NetName=GND Pin=U701-2
Removed Pin From Net: NetName=GND Pin=U1101-1
Removed Pin From Net: NetName=GND Pin=U1101-2
Change Net Name : Old Net Name=GND New Net Name=GND1
Added Pin To Net: NetName=GND2 Pin=C201-2
Added Pin To Net: NetName=GND2 Pin=D202-2
Added Pin To Net: NetName=GND2 Pin=D202-2
Added Pin To Net: NetName=GND2 Pin=P201-3
Added Pin To Net: NetName=GND2 Pin=P202-3
Added Net: Name=GND2
Added Pin To Net: NetName=GND3 Pin=C301-2
Added Pin To Net: NetName=GND3 Pin=C302-2
Added Pin To Net: NetName=GND3 Pin=D301-1
Added Pin To Net: NetName=GND3 Pin=P301-3
Added Pin To Net: NetName=GND3 Pin=P302-3
Added Pin To Net: NetName=GND3 Pin=PR1-1
Added Pin To Net: NetName=GND3 Pin=PR1-3
Added Net: Name=GND3
Added Pin To Net: NetName=GND4 Pin=P401-3
Added Pin To Net: NetName=GND4 Pin=P402-3
Added Pin To Net: NetName=GND4 Pin=P403-3
Added Pin To Net: NetName=GND4 Pin=Q401-2
Added Pin To Net: NetName=GND4 Pin=R403-2
Added Net: Name=GND4
Added Pin To Net: NetName=GND5 Pin=C1-2
Added Pin To Net: NetName=GND5 Pin=C2-2
Added Pin To Net: NetName=GND5 Pin=C501-2
Added Pin To Net: NetName=GND5 Pin=C502-2
Added Pin To Net: NetName=GND5 Pin=D501-2
Added Pin To Net: NetName=GND5 Pin=P501-3
Added Pin To Net: NetName=GND5 Pin=P502-3
Added Pin To Net: NetName=GND5 Pin=R503-1
Added Pin To Net: NetName=GND5 Pin=R504-1
Added Pin To Net: NetName=GND5 Pin=U501-4
Added Net: Name=GND5
Added Pin To Net: NetName=GND6 Pin=C601-2
Added Pin To Net: NetName=GND6 Pin=C602-2
Added Pin To Net: NetName=GND6 Pin=C603-2
Added Pin To Net: NetName=GND6 Pin=C604-2
Added Pin To Net: NetName=GND6 Pin=P601-3
Added Pin To Net: NetName=GND6 Pin=R606-1
Added Pin To Net: NetName=GND6 Pin=U601-4
Added Net: Name=GND6
Added Pin To Net: NetName=GND7 Pin=C703-2
Added Pin To Net: NetName=GND7 Pin=JP704-1
Added Pin To Net: NetName=GND7 Pin=JP705-1
Added Pin To Net: NetName=GND7 Pin=P701-3
Added Pin To Net: NetName=GND7 Pin=P702-3
Added Pin To Net: NetName=GND7 Pin=P703-3
Added Pin To Net: NetName=GND7 Pin=PR701-2
Added Pin To Net: NetName=GND7 Pin=R705-1
Added Pin To Net: NetName=GND7 Pin=R706-1
Added Pin To Net: NetName=GND7 Pin=R708-1
Added Pin To Net: NetName=GND7 Pin=U701-2
Added Net: Name=GND7
Added Pin To Net: NetName=GND8 Pin=C8002-1
Added Pin To Net: NetName=GND8 Pin=D8001-2
Added Pin To Net: NetName=GND8 Pin=P8001-3
Added Pin To Net: NetName=GND8 Pin=TP8001-1
Added Net: Name=GND8
Added Pin To Net: NetName=GND9 Pin=D901-2
Added Pin To Net: NetName=GND9 Pin=D901-2
Added Pin To Net: NetName=GND9 Pin=P901-3
Added Pin To Net: NetName=GND9 Pin=P902-3
Added Pin To Net: NetName=GND9 Pin=R901-1
Added Pin To Net: NetName=GND9 Pin=R902-1
Added Net: Name=GND9
Added Pin To Net: NetName=GND10 Pin=C901-2
Added Pin To Net: NetName=GND10 Pin=C902-2
Added Pin To Net: NetName=GND10 Pin=D905-1
Added Pin To Net: NetName=GND10 Pin=P903-3
Added Pin To Net: NetName=GND10 Pin=P904-3
Added Pin To Net: NetName=GND10 Pin=Q903-1
Added Pin To Net: NetName=GND10 Pin=Q903-3
Added Pin To Net: NetName=GND10 Pin=Q904-1
Added Pin To Net: NetName=GND10 Pin=Q904-3
Added Pin To Net: NetName=GND10 Pin=Q905-1
Added Pin To Net: NetName=GND10 Pin=Q905-3
Added Pin To Net: NetName=GND10 Pin=R910-1
Added Net: Name=GND10
Added Pin To Net: NetName=GND11 Pin=C1101-2
Added Pin To Net: NetName=GND11 Pin=C1102-2
Added Pin To Net: NetName=GND11 Pin=P1101-3
Added Pin To Net: NetName=GND11 Pin=P1102-3
Added Pin To Net: NetName=GND11 Pin=P1103-3
Added Pin To Net: NetName=GND11 Pin=R1103-1
Added Pin To Net: NetName=GND11 Pin=U2-2
Added Pin To Net: NetName=GND11 Pin=U1101-1
Added Pin To Net: NetName=GND11 Pin=U1101-2
Added Net: Name=GND11
Added Pin To Net: NetName=GND Pin=P602-3
Added Net: Name=GND
